<?xml version="1.0" encoding="UTF-8"?>
<!-- Generated by org.testng.reporters.JUnitXMLReporter -->
<testsuite ignored="0" hostname="admin-PC" failures="0" tests="3" name="Test-Runner-1" time="115.491" errors="0" timestamp="2023-03-08T12:33:31 IST">
  <testcase classname="vtiger.OrganizationTests.CreateOrganizationTest" name="CreateOrganizationTest" time="34.954"/>
  <testcase classname="vtiger.OrganizationTests.CreateOrganizationTest" name="demoScript" time="0.002"/>
  <testcase classname="vtiger.OrganizationTests.CreateOrganizationTest" name="regression" time="0.003"/>
</testsuite> <!-- Test-Runner-1 -->
