<?xml version="1.0" encoding="UTF-8"?>
<!-- Generated by org.testng.reporters.JUnitXMLReporter -->
<testsuite ignored="0" hostname="admin-PC" failures="0" tests="1" name="Test-Runner-2" time="115.375" errors="0" timestamp="2023-03-08T12:33:31 IST">
  <testcase classname="vtiger.ContactsTests.CreateContactWithOrganizationTest1" name="createContactWithOrgTest" time="64.52"/>
</testsuite> <!-- Test-Runner-2 -->
