<?xml version="1.0" encoding="UTF-8"?>
<!-- Generated by org.testng.reporters.JUnitReportReporter -->
<testsuite hostname="admin-PC" failures="0" tests="1" name="vtiger.OrganizationTests.CreateOrganizationTest" time="21.829" errors="0" timestamp="2023-03-17T13:56:47 IST" skipped="0">
  <testcase classname="vtiger.OrganizationTests.CreateOrganizationTest" name="CreateOrganizationTest" time="21.829"/>
  <system-out/>
</testsuite> <!-- vtiger.OrganizationTests.CreateOrganizationTest -->
