<?xml version="1.0" encoding="UTF-8"?>
<!-- Generated by org.testng.reporters.JUnitReportReporter -->
<testsuite hostname="admin-PC" failures="0" tests="5" name="vtiger.OrganizationTests.CreateMultipleOrgWithInustryTest" time="131.961" errors="0" timestamp="2023-03-09T13:54:47 IST" skipped="0">
  <testcase classname="vtiger.OrganizationTests.CreateMultipleOrgWithInustryTest" name="CreateMultipleOrgTest" time="34.312"/>
  <system-out/>
  <testcase classname="vtiger.OrganizationTests.CreateMultipleOrgWithInustryTest" name="CreateMultipleOrgTest" time="28.105"/>
  <system-out/>
  <testcase classname="vtiger.OrganizationTests.CreateMultipleOrgWithInustryTest" name="CreateMultipleOrgTest" time="17.712"/>
  <system-out/>
  <testcase classname="vtiger.OrganizationTests.CreateMultipleOrgWithInustryTest" name="CreateMultipleOrgTest" time="28.996"/>
  <system-out/>
  <testcase classname="vtiger.OrganizationTests.CreateMultipleOrgWithInustryTest" name="CreateMultipleOrgTest" time="22.836"/>
  <system-out/>
</testsuite> <!-- vtiger.OrganizationTests.CreateMultipleOrgWithInustryTest -->
