<?xml version="1.0" encoding="UTF-8"?>
<!-- Generated by org.testng.reporters.JUnitReportReporter -->
<testsuite hostname="admin-PC" failures="0" tests="1" name="vtiger.ContactsTests.CreateContactWithOrganizationTest1" time="36.630" errors="0" timestamp="2023-03-17T13:44:54 IST" skipped="0">
  <testcase classname="vtiger.ContactsTests.CreateContactWithOrganizationTest1" name="createContactWithOrgTest" time="36.630"/>
  <system-out>
    <![CDATA[click on organization link successful
click on create organization look up image successful
create organization with mandatory fields successful
navigate to conatcts link is successful
click on create contact look up image successsful
create contact with mandatory fields successful]]>
  </system-out>
</testsuite> <!-- vtiger.ContactsTests.CreateContactWithOrganizationTest1 -->
