<?xml version="1.0" encoding="UTF-8"?>
<!-- Generated by org.testng.reporters.JUnitReportReporter -->
<testsuite hostname="admin-PC" failures="0" tests="1" name="practice.CreateContactWithOrganizationTest1" time="34.881" errors="0" timestamp="2023-03-06T14:02:14 IST" skipped="0">
  <testcase classname="practice.CreateContactWithOrganizationTest1" name="createContactWithOrgTest" time="34.881"/>
  <system-out/>
</testsuite> <!-- practice.CreateContactWithOrganizationTest1 -->
