<?xml version="1.0" encoding="UTF-8"?>
<!-- Generated by org.testng.reporters.JUnitReportReporter -->
<testsuite hostname="admin-PC" failures="0" tests="1" name="vtiger.ContactsTests.CreateContactTest" time="42.864" errors="0" timestamp="2023-04-03T16:42:38 IST" skipped="0">
  <testcase classname="vtiger.ContactsTests.CreateContactTest" name="CreateContactTest" time="42.864"/>
  <system-out/>
</testsuite> <!-- vtiger.ContactsTests.CreateContactTest -->
