<?xml version="1.0" encoding="UTF-8"?>
<!-- Generated by org.testng.reporters.JUnitReportReporter -->
<testsuite hostname="admin-PC" failures="0" tests="3" name="practice.DataProviderPractice" time="0.041" errors="0" timestamp="2023-03-10T12:15:21 IST" skipped="0">
  <testcase classname="practice.DataProviderPractice" name="dataProviderPractice" time="0.003"/>
  <system-out/>
  <testcase classname="practice.DataProviderPractice" name="dataProviderPractice" time="0.006"/>
  <system-out/>
  <testcase classname="practice.DataProviderPractice" name="dataProviderPractice" time="0.032"/>
  <system-out/>
</testsuite> <!-- practice.DataProviderPractice -->
