<?xml version="1.0" encoding="UTF-8"?>
<!-- Generated by org.testng.reporters.JUnitReportReporter -->
<testsuite hostname="admin-PC" failures="0" tests="3" name="practice.TestngPractice1" time="0.035" errors="0" timestamp="2023-03-02T14:25:08 IST" skipped="0">
  <testcase classname="practice.TestngPractice1" name="updateUser" time="0.004"/>
  <system-out/>
  <testcase classname="practice.TestngPractice1" name="deleteUser" time="0.004"/>
  <system-out/>
  <testcase classname="practice.TestngPractice1" name="createUser" time="0.027"/>
  <system-out/>
</testsuite> <!-- practice.TestngPractice1 -->
