<?xml version="1.0" encoding="UTF-8"?>
<!-- Generated by org.testng.reporters.JUnitReportReporter -->
<testsuite hostname="admin-PC" failures="0" tests="2" name="practice.TestNGPractice" time="0.051" errors="0" timestamp="2023-02-28T13:26:30 IST" skipped="0">
  <testcase classname="practice.TestNGPractice" name="sample" time="0.047"/>
  <system-out/>
  <testcase classname="practice.TestNGPractice" name="sampleTestScript" time="0.004"/>
  <system-out/>
</testsuite> <!-- practice.TestNGPractice -->
